create.lua: cannot open create.lua: No such file or directory
create.lua: cannot open create.lua: No such file or directory
create.lua: cannot open create.lua: No such file or directory
create.lua: cannot open create.lua: No such file or directory
create.lua: cannot open create.lua: No such file or directory
create.lua: cannot open create.lua: No such file or directory
create.lua: cannot open create.lua: No such file or directory
create.lua: cannot open create.lua: No such file or directory
create.lua: cannot open create.lua: No such file or directory
create.lua: cannot open create.lua: No such file or directory
create.lua: cannot open create.lua: No such file or directory
create.lua: cannot open create.lua: No such file or directory
create.lua: cannot open create.lua: No such file or directory
create.lua: cannot open create.lua: No such file or directory
create.lua: cannot open create.lua: No such file or directory
create.lua: cannot open create.lua: No such file or directory
create.lua: cannot open create.lua: No such file or directory
create.lua: cannot open create.lua: No such file or directory
create.lua: cannot open create.lua: No such file or directory
create.lua: cannot open create.lua: No such file or directory
create.lua: cannot open create.lua: No such file or directory
Running 20s test @ http://127.0.0.1:3100/create_transaction
  20 threads and 20 connections
  Thread Stats   Avg      Stdev     Max   +/- Stdev
    Latency     0.92ms  463.26us   8.49ms   69.87%
    Req/Sec     1.10k   195.26     8.15k    99.73%
  439354 requests in 20.10s, 52.79MB read
  Non-2xx or 3xx responses: 439354
Requests/sec:  21858.38
Transfer/sec:      2.63MB
