create.lua: cannot open create.lua: No such file or directory
create.lua: cannot open create.lua: No such file or directory
create.lua: cannot open create.lua: No such file or directory
create.lua: cannot open create.lua: No such file or directory
create.lua: cannot open create.lua: No such file or directory
create.lua: cannot open create.lua: No such file or directory
create.lua: cannot open create.lua: No such file or directory
create.lua: cannot open create.lua: No such file or directory
create.lua: cannot open create.lua: No such file or directory
create.lua: cannot open create.lua: No such file or directory
create.lua: cannot open create.lua: No such file or directory
create.lua: cannot open create.lua: No such file or directory
create.lua: cannot open create.lua: No such file or directory
create.lua: cannot open create.lua: No such file or directory
create.lua: cannot open create.lua: No such file or directory
create.lua: cannot open create.lua: No such file or directory
create.lua: cannot open create.lua: No such file or directory
create.lua: cannot open create.lua: No such file or directory
create.lua: cannot open create.lua: No such file or directory
create.lua: cannot open create.lua: No such file or directory
create.lua: cannot open create.lua: No such file or directory
Running 20s test @ http://127.0.0.1:3100/create_transaction
  20 threads and 20 connections
  Thread Stats   Avg      Stdev     Max   +/- Stdev
    Latency     0.94ms  712.38us  30.55ms   89.95%
    Req/Sec     1.10k   163.19    10.33k    98.73%
  439220 requests in 20.10s, 52.78MB read
  Non-2xx or 3xx responses: 439220
Requests/sec:  21854.19
Transfer/sec:      2.63MB
