N:NDRX:3:eda0d263:05334:7f469d331640:004:20240106:165103718730:ion_shutdown:sation.c:0483:UNLINKING: /test1,cnv,c,srv,tmrecoversv,9900,5450,1,1,0 0
N:NDRX:2:eda0d263:05334:7f4698b28640:002:20240106:165246274971:ound_process:ground.c:0583:***********BACKGROUND PROCESS END **********
Server exit: 0, id: 40
n:NDRX:2:eda0d263:05574:7f48646e3980:001:20240106:165246291694:tpsvrinit   :/tmsrv.c:0663:xa_open ok
N:NDRX:2:eda0d263:05574:7f485e8db640:000:20240106:165246292335:ound_process:ground.c:0565:***********BACKGROUND PROCESS START ********
N:NDRX:2:eda0d263:05346:7fd286e5a640:002:20240106:165246292982:ound_process:ground.c:0583:***********BACKGROUND PROCESS END **********
Server exit: 0, id: 41
n:NDRX:2:eda0d263:05586:7fcaef613980:001:20240106:165246307451:tpsvrinit   :/tmsrv.c:0663:xa_open ok
N:NDRX:2:eda0d263:05586:7fcae975a640:000:20240106:165246307926:ound_process:ground.c:0565:***********BACKGROUND PROCESS START ********
N:NDRX:2:eda0d263:05358:7f46da43d640:002:20240106:165246308516:ound_process:ground.c:0583:***********BACKGROUND PROCESS END **********
Server exit: 0, id: 42
n:NDRX:2:eda0d263:05598:7f8cb7197980:001:20240106:165246323298:tpsvrinit   :/tmsrv.c:0663:xa_open ok
N:NDRX:2:eda0d263:05598:7f8cb135a640:000:20240106:165246323786:ound_process:ground.c:0565:***********BACKGROUND PROCESS START ********
N:NDRX:3:eda0d263:05574:7f48630e4640:004:20240106:165317857179:ion_shutdown:sation.c:0483:UNLINKING: /test1,cnv,c,srv,tmrecoversv,9900,5690,1,1,0 0
n:NDRX:2:eda0d263:84244:7f7e630e4980:001:20240126:194908315327:tpsvrinit   :/tmsrv.c:0663:xa_open ok
N:NDRX:2:eda0d263:84244:7f7e5d2db640:000:20240126:194908316067:ound_process:ground.c:0565:***********BACKGROUND PROCESS START ********
n:NDRX:2:eda0d263:84256:7fb5c728a980:001:20240126:194908328467:tpsvrinit   :/tmsrv.c:0663:xa_open ok
N:NDRX:2:eda0d263:84256:7fb5c145a640:000:20240126:194908329147:ound_process:ground.c:0565:***********BACKGROUND PROCESS START ********
n:NDRX:2:eda0d263:84268:7fa0dcb27980:001:20240126:194908341029:tpsvrinit   :/tmsrv.c:0663:xa_open ok
N:NDRX:2:eda0d263:84268:7fa0d6cfd640:000:20240126:194908341577:ound_process:ground.c:0565:***********BACKGROUND PROCESS START ********
N:NDRX:3:eda0d263:84244:7f7e61ae4640:004:20240126:194939634848:ion_shutdown:sation.c:0483:UNLINKING: /test1,cnv,c,srv,tmrecoversv,9900,84410,1,1,0 0
N:NDRX:2:eda0d263:84244:7f7e5d2db640:002:20240126:200020909191:ound_process:ground.c:0583:***********BACKGROUND PROCESS END **********
Server exit: 0, id: 40
n:NDRX:2:eda0d263:85840:7f346b19a980:001:20240126:200020924222:tpsvrinit   :/tmsrv.c:0663:xa_open ok
N:NDRX:2:eda0d263:85840:7f346535a640:000:20240126:200020925157:ound_process:ground.c:0565:***********BACKGROUND PROCESS START ********
N:NDRX:2:eda0d263:84256:7fb5c145a640:002:20240126:200020925977:ound_process:ground.c:0583:***********BACKGROUND PROCESS END **********
Server exit: 0, id: 41
n:NDRX:2:eda0d263:85852:7fe641b8e980:001:20240126:200020941632:tpsvrinit   :/tmsrv.c:0663:xa_open ok
N:NDRX:2:eda0d263:85852:7fe63bd5a640:000:20240126:200020942250:ound_process:ground.c:0565:***********BACKGROUND PROCESS START ********
N:NDRX:2:eda0d263:84268:7fa0d6cfd640:002:20240126:200020942920:ound_process:ground.c:0583:***********BACKGROUND PROCESS END **********
Server exit: 0, id: 42
n:NDRX:2:eda0d263:85864:7fbd9f914980:001:20240126:200020956694:tpsvrinit   :/tmsrv.c:0663:xa_open ok
N:NDRX:2:eda0d263:85864:7fbd99afd640:000:20240126:200020957144:ound_process:ground.c:0565:***********BACKGROUND PROCESS START ********
N:NDRX:3:eda0d263:85840:7f3469b63640:004:20240126:200052490835:ion_shutdown:sation.c:0483:UNLINKING: /test1,cnv,c,srv,tmrecoversv,9900,85966,1,1,0 0
